0 info it worked if it ends with ok
1 verbose cli [ 'D:\\Program Files\\nodejs\\\\node.exe',
1 verbose cli   'D:\\Program Files\\nodejs\\node_modules\\npm\\bin\\npm-cli.js',
1 verbose cli   'start' ]
2 info using npm@1.4.21
3 info using node@v0.10.30
4 verbose node symlink D:\Program Files\nodejs\\node.exe
5 verbose run-script [ 'prestart', 'start', 'poststart' ]
6 info prestart talks@0.0.0
7 info start talks@0.0.0
8 verbose unsafe-perm in lifecycle true
9 info talks@0.0.0 Failed to exec start script
10 error talks@0.0.0 start: `node ./bin/www`
10 error Exit status 8
11 error Failed at the talks@0.0.0 start script.
11 error This is most likely a problem with the talks package,
11 error not with npm itself.
11 error Tell the author that this fails on your system:
11 error     node ./bin/www
11 error You can get their info via:
11 error     npm owner ls talks
11 error There is likely additional logging output above.
12 error System Windows_NT 6.1.7601
13 error command "D:\\Program Files\\nodejs\\\\node.exe" "D:\\Program Files\\nodejs\\node_modules\\npm\\bin\\npm-cli.js" "start"
14 error cwd G:\git\talks
15 error node -v v0.10.30
16 error npm -v 1.4.21
17 error code ELIFECYCLE
18 verbose exit [ 1, true ]
